<?xml version="1.0" encoding="UTF-8"?>
<testng-results skipped="0" failed="0" ignored="0" total="0" passed="0">
  <reporter-output>
  </reporter-output>
  <suite name="com.flipkart.testcase.FlipkartLoginTestCase" duration-ms="12" started-at="2021-03-22T06:56:23 IST" finished-at="2021-03-22T06:56:23 IST">
    <groups>
    </groups>
    <test name="Command line test" duration-ms="12" started-at="2021-03-22T06:56:23 IST" finished-at="2021-03-22T06:56:23 IST">
    </test> <!-- Command line test -->
  </suite> <!-- com.flipkart.testcase.FlipkartLoginTestCase -->
</testng-results>
