<?xml version="1.0" encoding="UTF-8"?>
<testng-results skipped="0" failed="0" ignored="0" total="1" passed="1">
  <reporter-output>
  </reporter-output>
  <suite name="Default suite" duration-ms="12089" started-at="2021-03-22T15:17:24 IST" finished-at="2021-03-22T15:17:36 IST">
    <groups>
    </groups>
    <test name="Default test" duration-ms="12089" started-at="2021-03-22T15:17:24 IST" finished-at="2021-03-22T15:17:36 IST">
      <class name="com.flipkart.testcase.FlipkartLoginTestCase">
        <test-method status="PASS" signature="init()[pri:0, instance:com.flipkart.testcase.FlipkartLoginTestCase@42d8062c]" name="init" is-config="true" duration-ms="5806" started-at="2021-03-22T15:17:24 IST" finished-at="2021-03-22T15:17:30 IST">
          <reporter-output>
          </reporter-output>
        </test-method> <!-- init -->
        <test-method status="PASS" signature="testMethod()[pri:1, instance:com.flipkart.testcase.FlipkartLoginTestCase@42d8062c]" name="testMethod" duration-ms="6227" started-at="2021-03-22T15:17:30 IST" finished-at="2021-03-22T15:17:36 IST">
          <reporter-output>
          </reporter-output>
        </test-method> <!-- testMethod -->
      </class> <!-- com.flipkart.testcase.FlipkartLoginTestCase -->
    </test> <!-- Default test -->
  </suite> <!-- Default suite -->
</testng-results>
